# JRE version: Java(TM) SE Runtime Environment (8.0_65-b17) (build 1.8.0_65-b17)
# Java VM: Java HotSpot(TM) 64-Bit Server VM (25.65-b01 mixed mode linux-amd64 compressed oops)
Heap:
 def new generation   total 30656K, used 3351K [0x00000000c0000000, 0x00000000c2140000, 0x00000000d5550000)
  eden space 27264K,  12% used [0x00000000c0000000, 0x00000000c0345f98, 0x00000000c1aa0000)
  from space 3392K,   0% used [0x00000000c1df0000, 0x00000000c1df0000, 0x00000000c2140000)
  to   space 3392K,   0% used [0x00000000c1aa0000, 0x00000000c1aa0000, 0x00000000c1df0000)
 tenured generation   total 73344K, used 73343K [0x00000000d5550000, 0x00000000d9cf0000, 0x0000000100000000)
   the space 73344K,  99% used [0x00000000d5550000, 0x00000000d9ceffd8, 0x00000000d9cf0000, 0x00000000d9cf0000)
 Metaspace       used 45946K, capacity 48000K, committed 48256K, reserved 1091584K
  class space    used 6345K, capacity 7030K, committed 7040K, reserved 1048576K
GC Heap History (10 events):
Event: 65,718 GC heap after
Heap after GC invocations=59 (full 4):
 def new generation   total 30656K, used 1196K [0x00000000c0000000, 0x00000000c2140000, 0x00000000d5550000)
  eden space 27264K,   0% used [0x00000000c0000000, 0x00000000c0000000, 0x00000000c1aa0000)
  from space 3392K,  35% used [0x00000000c1aa0000, 0x00000000c1bcb310, 0x00000000c1df0000)
  to   space 3392K,   0% used [0x00000000c1df0000, 0x00000000c1df0000, 0x00000000c2140000)
 tenured generation   total 67968K, used 42771K [0x00000000d5550000, 0x00000000d97b0000, 0x0000000100000000)
   the space 67968K,  62% used [0x00000000d5550000, 0x00000000d7f14e60, 0x00000000d7f15000, 0x00000000d97b0000)
 Metaspace       used 40443K, capacity 42340K, committed 42496K, reserved 1085440K
  class space    used 5696K, capacity 6340K, committed 6400K, reserved 1048576K
}
Event: 69,351 GC heap before
{Heap before GC invocations=59 (full 4):
 def new generation   total 30656K, used 28460K [0x00000000c0000000, 0x00000000c2140000, 0x00000000d5550000)
  eden space 27264K, 100% used [0x00000000c0000000, 0x00000000c1aa0000, 0x00000000c1aa0000)
  from space 3392K,  35% used [0x00000000c1aa0000, 0x00000000c1bcb310, 0x00000000c1df0000)
  to   space 3392K,   0% used [0x00000000c1df0000, 0x00000000c1df0000, 0x00000000c2140000)
 tenured generation   total 67968K, used 42771K [0x00000000d5550000, 0x00000000d97b0000, 0x0000000100000000)
   the space 67968K,  62% used [0x00000000d5550000, 0x00000000d7f14e60, 0x00000000d7f15000, 0x00000000d97b0000)
 Metaspace       used 44430K, capacity 46440K, committed 46592K, reserved 1089536K
  class space    used 6216K, capacity 6894K, committed 6912K, reserved 1048576K
Event: 69,427 GC heap after
Heap after GC invocations=60 (full 4):
 def new generation   total 30656K, used 3391K [0x00000000c0000000, 0x00000000c2140000, 0x00000000d5550000)
  eden space 27264K,   0% used [0x00000000c0000000, 0x00000000c0000000, 0x00000000c1aa0000)
  from space 3392K,  99% used [0x00000000c1df0000, 0x00000000c213fff8, 0x00000000c2140000)
  to   space 3392K,   0% used [0x00000000c1aa0000, 0x00000000c1aa0000, 0x00000000c1df0000)
 tenured generation   total 67968K, used 45527K [0x00000000d5550000, 0x00000000d97b0000, 0x0000000100000000)
   the space 67968K,  66% used [0x00000000d5550000, 0x00000000d81c5f10, 0x00000000d81c6000, 0x00000000d97b0000)
 Metaspace       used 44430K, capacity 46440K, committed 46592K, reserved 1089536K
  class space    used 6216K, capacity 6894K, committed 6912K, reserved 1048576K
}
Event: 70,835 GC heap before
{Heap before GC invocations=60 (full 4):
 def new generation   total 30656K, used 30655K [0x00000000c0000000, 0x00000000c2140000, 0x00000000d5550000)
  eden space 27264K, 100% used [0x00000000c0000000, 0x00000000c1aa0000, 0x00000000c1aa0000)
  from space 3392K,  99% used [0x00000000c1df0000, 0x00000000c213fff8, 0x00000000c2140000)
  to   space 3392K,   0% used [0x00000000c1aa0000, 0x00000000c1aa0000, 0x00000000c1df0000)
 tenured generation   total 67968K, used 45527K [0x00000000d5550000, 0x00000000d97b0000, 0x0000000100000000)
   the space 67968K,  66% used [0x00000000d5550000, 0x00000000d81c5f10, 0x00000000d81c6000, 0x00000000d97b0000)
 Metaspace       used 44785K, capacity 46760K, committed 46848K, reserved 1089536K
  class space    used 6236K, capacity 6894K, committed 6912K, reserved 1048576K
Event: 70,996 GC heap after
Heap after GC invocations=61 (full 4):
 def new generation   total 30656K, used 3392K [0x00000000c0000000, 0x00000000c2140000, 0x00000000d5550000)
  eden space 27264K,   0% used [0x00000000c0000000, 0x00000000c0000000, 0x00000000c1aa0000)
  from space 3392K, 100% used [0x00000000c1aa0000, 0x00000000c1df0000, 0x00000000c1df0000)
  to   space 3392K,   0% used [0x00000000c1df0000, 0x00000000c1df0000, 0x00000000c2140000)
 tenured generation   total 67968K, used 53159K [0x00000000d5550000, 0x00000000d97b0000, 0x0000000100000000)
   the space 67968K,  78% used [0x00000000d5550000, 0x00000000d8939d78, 0x00000000d8939e00, 0x00000000d97b0000)
 Metaspace       used 44785K, capacity 46760K, committed 46848K, reserved 1089536K
  class space    used 6236K, capacity 6894K, committed 6912K, reserved 1048576K
}
Event: 73,332 GC heap before
{Heap before GC invocations=61 (full 4):
 def new generation   total 30656K, used 30656K [0x00000000c0000000, 0x00000000c2140000, 0x00000000d5550000)
  eden space 27264K, 100% used [0x00000000c0000000, 0x00000000c1aa0000, 0x00000000c1aa0000)
  from space 3392K, 100% used [0x00000000c1aa0000, 0x00000000c1df0000, 0x00000000c1df0000)
  to   space 3392K,   0% used [0x00000000c1df0000, 0x00000000c1df0000, 0x00000000c2140000)
 tenured generation   total 67968K, used 53159K [0x00000000d5550000, 0x00000000d97b0000, 0x0000000100000000)
   the space 67968K,  78% used [0x00000000d5550000, 0x00000000d8939d78, 0x00000000d8939e00, 0x00000000d97b0000)
 Metaspace       used 45739K, capacity 47808K, committed 48000K, reserved 1089536K
  class space    used 6338K, capacity 7030K, committed 7040K, reserved 1048576K
Event: 73,436 GC heap after
Heap after GC invocations=62 (full 4):
 def new generation   total 30656K, used 3392K [0x00000000c0000000, 0x00000000c2140000, 0x00000000d5550000)
  eden space 27264K,   0% used [0x00000000c0000000, 0x00000000c0000000, 0x00000000c1aa0000)
  from space 3392K, 100% used [0x00000000c1df0000, 0x00000000c2140000, 0x00000000c2140000)
  to   space 3392K,   0% used [0x00000000c1aa0000, 0x00000000c1aa0000, 0x00000000c1df0000)
 tenured generation   total 67968K, used 57628K [0x00000000d5550000, 0x00000000d97b0000, 0x0000000100000000)
   the space 67968K,  84% used [0x00000000d5550000, 0x00000000d8d97298, 0x00000000d8d97400, 0x00000000d97b0000)
 Metaspace       used 45739K, capacity 47808K, committed 48000K, reserved 1089536K
  class space    used 6338K, capacity 7030K, committed 7040K, reserved 1048576K
}
Event: 75,128 GC heap before
{Heap before GC invocations=62 (full 4):
 def new generation   total 30656K, used 30656K [0x00000000c0000000, 0x00000000c2140000, 0x00000000d5550000)
  eden space 27264K, 100% used [0x00000000c0000000, 0x00000000c1aa0000, 0x00000000c1aa0000)
  from space 3392K, 100% used [0x00000000c1df0000, 0x00000000c2140000, 0x00000000c2140000)
  to   space 3392K,   0% used [0x00000000c1aa0000, 0x00000000c1aa0000, 0x00000000c1df0000)
 tenured generation   total 67968K, used 57628K [0x00000000d5550000, 0x00000000d97b0000, 0x0000000100000000)
   the space 67968K,  84% used [0x00000000d5550000, 0x00000000d8d97298, 0x00000000d8d97400, 0x00000000d97b0000)
 Metaspace       used 45863K, capacity 47872K, committed 48000K, reserved 1089536K
  class space    used 6345K, capacity 7030K, committed 7040K, reserved 1048576K
Event: 75,284 GC heap after
Heap after GC invocations=63 (full 4):
 def new generation   total 30656K, used 3392K [0x00000000c0000000, 0x00000000c2140000, 0x00000000d5550000)
  eden space 27264K,   0% used [0x00000000c0000000, 0x00000000c0000000, 0x00000000c1aa0000)
  from space 3392K, 100% used [0x00000000c1aa0000, 0x00000000c1df0000, 0x00000000c1df0000)
  to   space 3392K,   0% used [0x00000000c1df0000, 0x00000000c1df0000, 0x00000000c2140000)
 tenured generation   total 67968K, used 63577K [0x00000000d5550000, 0x00000000d97b0000, 0x0000000100000000)
   the space 67968K,  93% used [0x00000000d5550000, 0x00000000d93664f0, 0x00000000d9366600, 0x00000000d97b0000)
 Metaspace       used 45863K, capacity 47872K, committed 48000K, reserved 1089536K
  class space    used 6345K, capacity 7030K, committed 7040K, reserved 1048576K
}
Event: 76,626 GC heap before
{Heap before GC invocations=63 (full 4):
 def new generation   total 30656K, used 30656K [0x00000000c0000000, 0x00000000c2140000, 0x00000000d5550000)
  eden space 27264K, 100% used [0x00000000c0000000, 0x00000000c1aa0000, 0x00000000c1aa0000)
  from space 3392K, 100% used [0x00000000c1aa0000, 0x00000000c1df0000, 0x00000000c1df0000)
  to   space 3392K,   0% used [0x00000000c1df0000, 0x00000000c1df0000, 0x00000000c2140000)
 tenured generation   total 67968K, used 63577K [0x00000000d5550000, 0x00000000d97b0000, 0x0000000100000000)
   the space 67968K,  93% used [0x00000000d5550000, 0x00000000d93664f0, 0x00000000d9366600, 0x00000000d97b0000)
 Metaspace       used 45946K, capacity 48000K, committed 48256K, reserved 1091584K
  class space    used 6345K, capacity 7030K, committed 7040K, reserved 1048576K

