# JRE version: Java(TM) SE Runtime Environment (8.0_65-b17) (build 1.8.0_65-b17)
# Java VM: Java HotSpot(TM) 64-Bit Server VM (25.65-b01 mixed mode linux-amd64 compressed oops)
Heap:
 def new generation   total 30592K, used 3320K [0x00000000c0000000, 0x00000000c2130000, 0x00000000d5550000)
  eden space 27200K,  12% used [0x00000000c0000000, 0x00000000c033e288, 0x00000000c1a90000)
  from space 3392K,   0% used [0x00000000c1de0000, 0x00000000c1de0000, 0x00000000c2130000)
  to   space 3392K,   0% used [0x00000000c1a90000, 0x00000000c1a90000, 0x00000000c1de0000)
 tenured generation   total 73800K, used 73799K [0x00000000d5550000, 0x00000000d9d62000, 0x0000000100000000)
   the space 73800K,  99% used [0x00000000d5550000, 0x00000000d9d61fc8, 0x00000000d9d62000, 0x00000000d9d62000)
 Metaspace       used 45986K, capacity 48066K, committed 48384K, reserved 1091584K
  class space    used 6356K, capacity 7092K, committed 7168K, reserved 1048576K
GC Heap History (10 events):
Event: 53,569 GC heap after
Heap after GC invocations=59 (full 4):
 def new generation   total 30592K, used 1181K [0x00000000c0000000, 0x00000000c2130000, 0x00000000d5550000)
  eden space 27200K,   0% used [0x00000000c0000000, 0x00000000c0000000, 0x00000000c1a90000)
  from space 3392K,  34% used [0x00000000c1a90000, 0x00000000c1bb75e8, 0x00000000c1de0000)
  to   space 3392K,   0% used [0x00000000c1de0000, 0x00000000c1de0000, 0x00000000c2130000)
 tenured generation   total 67848K, used 42682K [0x00000000d5550000, 0x00000000d9792000, 0x0000000100000000)
   the space 67848K,  62% used [0x00000000d5550000, 0x00000000d7efeb38, 0x00000000d7efec00, 0x00000000d9792000)
 Metaspace       used 40448K, capacity 42374K, committed 42496K, reserved 1085440K
  class space    used 5695K, capacity 6370K, committed 6400K, reserved 1048576K
}
Event: 56,665 GC heap before
{Heap before GC invocations=59 (full 4):
 def new generation   total 30592K, used 28381K [0x00000000c0000000, 0x00000000c2130000, 0x00000000d5550000)
  eden space 27200K, 100% used [0x00000000c0000000, 0x00000000c1a90000, 0x00000000c1a90000)
  from space 3392K,  34% used [0x00000000c1a90000, 0x00000000c1bb75e8, 0x00000000c1de0000)
  to   space 3392K,   0% used [0x00000000c1de0000, 0x00000000c1de0000, 0x00000000c2130000)
 tenured generation   total 67848K, used 42682K [0x00000000d5550000, 0x00000000d9792000, 0x0000000100000000)
   the space 67848K,  62% used [0x00000000d5550000, 0x00000000d7efeb38, 0x00000000d7efec00, 0x00000000d9792000)
 Metaspace       used 44455K, capacity 46474K, committed 46720K, reserved 1089536K
  class space    used 6216K, capacity 6924K, committed 7040K, reserved 1048576K
Event: 56,726 GC heap after
Heap after GC invocations=60 (full 4):
 def new generation   total 30592K, used 3391K [0x00000000c0000000, 0x00000000c2130000, 0x00000000d5550000)
  eden space 27200K,   0% used [0x00000000c0000000, 0x00000000c0000000, 0x00000000c1a90000)
  from space 3392K,  99% used [0x00000000c1de0000, 0x00000000c212fff8, 0x00000000c2130000)
  to   space 3392K,   0% used [0x00000000c1a90000, 0x00000000c1a90000, 0x00000000c1de0000)
 tenured generation   total 67848K, used 45243K [0x00000000d5550000, 0x00000000d9792000, 0x0000000100000000)
   the space 67848K,  66% used [0x00000000d5550000, 0x00000000d817efa8, 0x00000000d817f000, 0x00000000d9792000)
 Metaspace       used 44455K, capacity 46474K, committed 46720K, reserved 1089536K
  class space    used 6216K, capacity 6924K, committed 7040K, reserved 1048576K
}
Event: 58,249 GC heap before
{Heap before GC invocations=60 (full 4):
 def new generation   total 30592K, used 30591K [0x00000000c0000000, 0x00000000c2130000, 0x00000000d5550000)
  eden space 27200K, 100% used [0x00000000c0000000, 0x00000000c1a90000, 0x00000000c1a90000)
  from space 3392K,  99% used [0x00000000c1de0000, 0x00000000c212fff8, 0x00000000c2130000)
  to   space 3392K,   0% used [0x00000000c1a90000, 0x00000000c1a90000, 0x00000000c1de0000)
 tenured generation   total 67848K, used 45243K [0x00000000d5550000, 0x00000000d9792000, 0x0000000100000000)
   the space 67848K,  66% used [0x00000000d5550000, 0x00000000d817efa8, 0x00000000d817f000, 0x00000000d9792000)
 Metaspace       used 44805K, capacity 46794K, committed 46976K, reserved 1089536K
  class space    used 6236K, capacity 6924K, committed 7040K, reserved 1048576K
Event: 58,422 GC heap after
Heap after GC invocations=61 (full 4):
 def new generation   total 30592K, used 3392K [0x00000000c0000000, 0x00000000c2130000, 0x00000000d5550000)
  eden space 27200K,   0% used [0x00000000c0000000, 0x00000000c0000000, 0x00000000c1a90000)
  from space 3392K, 100% used [0x00000000c1a90000, 0x00000000c1de0000, 0x00000000c1de0000)
  to   space 3392K,   0% used [0x00000000c1de0000, 0x00000000c1de0000, 0x00000000c2130000)
 tenured generation   total 67848K, used 53004K [0x00000000d5550000, 0x00000000d9792000, 0x0000000100000000)
   the space 67848K,  78% used [0x00000000d5550000, 0x00000000d89133e8, 0x00000000d8913400, 0x00000000d9792000)
 Metaspace       used 44805K, capacity 46794K, committed 46976K, reserved 1089536K
  class space    used 6236K, capacity 6924K, committed 7040K, reserved 1048576K
}
Event: 61,028 GC heap before
{Heap before GC invocations=61 (full 4):
 def new generation   total 30592K, used 30592K [0x00000000c0000000, 0x00000000c2130000, 0x00000000d5550000)
  eden space 27200K, 100% used [0x00000000c0000000, 0x00000000c1a90000, 0x00000000c1a90000)
  from space 3392K, 100% used [0x00000000c1a90000, 0x00000000c1de0000, 0x00000000c1de0000)
  to   space 3392K,   0% used [0x00000000c1de0000, 0x00000000c1de0000, 0x00000000c2130000)
 tenured generation   total 67848K, used 53004K [0x00000000d5550000, 0x00000000d9792000, 0x0000000100000000)
   the space 67848K,  78% used [0x00000000d5550000, 0x00000000d89133e8, 0x00000000d8913400, 0x00000000d9792000)
 Metaspace       used 45759K, capacity 47810K, committed 48000K, reserved 1089536K
  class space    used 6338K, capacity 7028K, committed 7040K, reserved 1048576K
Event: 61,146 GC heap after
Heap after GC invocations=62 (full 4):
 def new generation   total 30592K, used 3392K [0x00000000c0000000, 0x00000000c2130000, 0x00000000d5550000)
  eden space 27200K,   0% used [0x00000000c0000000, 0x00000000c0000000, 0x00000000c1a90000)
  from space 3392K, 100% used [0x00000000c1de0000, 0x00000000c2130000, 0x00000000c2130000)
  to   space 3392K,   0% used [0x00000000c1a90000, 0x00000000c1a90000, 0x00000000c1de0000)
 tenured generation   total 67848K, used 57940K [0x00000000d5550000, 0x00000000d9792000, 0x0000000100000000)
   the space 67848K,  85% used [0x00000000d5550000, 0x00000000d8de53f0, 0x00000000d8de5400, 0x00000000d9792000)
 Metaspace       used 45759K, capacity 47810K, committed 48000K, reserved 1089536K
  class space    used 6338K, capacity 7028K, committed 7040K, reserved 1048576K
}
Event: 67,990 GC heap before
{Heap before GC invocations=62 (full 4):
 def new generation   total 30592K, used 30592K [0x00000000c0000000, 0x00000000c2130000, 0x00000000d5550000)
  eden space 27200K, 100% used [0x00000000c0000000, 0x00000000c1a90000, 0x00000000c1a90000)
  from space 3392K, 100% used [0x00000000c1de0000, 0x00000000c2130000, 0x00000000c2130000)
  to   space 3392K,   0% used [0x00000000c1a90000, 0x00000000c1a90000, 0x00000000c1de0000)
 tenured generation   total 67848K, used 57940K [0x00000000d5550000, 0x00000000d9792000, 0x0000000100000000)
   the space 67848K,  85% used [0x00000000d5550000, 0x00000000d8de53f0, 0x00000000d8de5400, 0x00000000d9792000)
 Metaspace       used 45822K, capacity 47906K, committed 48128K, reserved 1089536K
  class space    used 6345K, capacity 7060K, committed 7168K, reserved 1048576K
Event: 68,519 GC heap after
Heap after GC invocations=63 (full 4):
 def new generation   total 30592K, used 3392K [0x00000000c0000000, 0x00000000c2130000, 0x00000000d5550000)
  eden space 27200K,   0% used [0x00000000c0000000, 0x00000000c0000000, 0x00000000c1a90000)
  from space 3392K, 100% used [0x00000000c1a90000, 0x00000000c1de0000, 0x00000000c1de0000)
  to   space 3392K,   0% used [0x00000000c1de0000, 0x00000000c1de0000, 0x00000000c2130000)
 tenured generation   total 67848K, used 64088K [0x00000000d5550000, 0x00000000d9792000, 0x0000000100000000)
   the space 67848K,  94% used [0x00000000d5550000, 0x00000000d93e62a8, 0x00000000d93e6400, 0x00000000d9792000)
 Metaspace       used 45822K, capacity 47906K, committed 48128K, reserved 1089536K
  class space    used 6345K, capacity 7060K, committed 7168K, reserved 1048576K
}
Event: 93,591 GC heap before
{Heap before GC invocations=63 (full 4):
 def new generation   total 30592K, used 30592K [0x00000000c0000000, 0x00000000c2130000, 0x00000000d5550000)
  eden space 27200K, 100% used [0x00000000c0000000, 0x00000000c1a90000, 0x00000000c1a90000)
  from space 3392K, 100% used [0x00000000c1a90000, 0x00000000c1de0000, 0x00000000c1de0000)
  to   space 3392K,   0% used [0x00000000c1de0000, 0x00000000c1de0000, 0x00000000c2130000)
 tenured generation   total 67848K, used 64088K [0x00000000d5550000, 0x00000000d9792000, 0x0000000100000000)
   the space 67848K,  94% used [0x00000000d5550000, 0x00000000d93e62a8, 0x00000000d93e6400, 0x00000000d9792000)
 Metaspace       used 45986K, capacity 48066K, committed 48384K, reserved 1091584K
  class space    used 6356K, capacity 7092K, committed 7168K, reserved 1048576K

