# JRE version: Java(TM) SE Runtime Environment (8.0_65-b17) (build 1.8.0_65-b17)
# Java VM: Java HotSpot(TM) 64-Bit Server VM (25.65-b01 mixed mode linux-amd64 compressed oops)
Heap:
 def new generation   total 31040K, used 3296K [0x00000000c0000000, 0x00000000c21a0000, 0x00000000d5550000)
  eden space 27648K,  11% used [0x00000000c0000000, 0x00000000c03383e8, 0x00000000c1b00000)
  from space 3392K,   0% used [0x00000000c1e50000, 0x00000000c1e50000, 0x00000000c21a0000)
  to   space 3392K,   0% used [0x00000000c1b00000, 0x00000000c1b00000, 0x00000000c1e50000)
 tenured generation   total 73556K, used 73555K [0x00000000d5550000, 0x00000000d9d25000, 0x0000000100000000)
   the space 73556K,  99% used [0x00000000d5550000, 0x00000000d9d24fd8, 0x00000000d9d25000, 0x00000000d9d25000)
 Metaspace       used 46533K, capacity 48610K, committed 48896K, reserved 1091584K
  class space    used 6412K, capacity 7124K, committed 7168K, reserved 1048576K
GC Heap History (10 events):
Event: 46,970 GC heap after
Heap after GC invocations=59 (full 4):
 def new generation   total 31040K, used 1164K [0x00000000c0000000, 0x00000000c21a0000, 0x00000000d5550000)
  eden space 27648K,   0% used [0x00000000c0000000, 0x00000000c0000000, 0x00000000c1b00000)
  from space 3392K,  34% used [0x00000000c1b00000, 0x00000000c1c233e8, 0x00000000c1e50000)
  to   space 3392K,   0% used [0x00000000c1e50000, 0x00000000c1e50000, 0x00000000c21a0000)
 tenured generation   total 68756K, used 42892K [0x00000000d5550000, 0x00000000d9875000, 0x0000000100000000)
   the space 68756K,  62% used [0x00000000d5550000, 0x00000000d7f331f0, 0x00000000d7f33200, 0x00000000d9875000)
 Metaspace       used 40517K, capacity 42450K, committed 42496K, reserved 1085440K
  class space    used 5697K, capacity 6372K, committed 6400K, reserved 1048576K
}
Event: 50,228 GC heap before
{Heap before GC invocations=59 (full 4):
 def new generation   total 31040K, used 28812K [0x00000000c0000000, 0x00000000c21a0000, 0x00000000d5550000)
  eden space 27648K, 100% used [0x00000000c0000000, 0x00000000c1b00000, 0x00000000c1b00000)
  from space 3392K,  34% used [0x00000000c1b00000, 0x00000000c1c233e8, 0x00000000c1e50000)
  to   space 3392K,   0% used [0x00000000c1e50000, 0x00000000c1e50000, 0x00000000c21a0000)
 tenured generation   total 68756K, used 42892K [0x00000000d5550000, 0x00000000d9875000, 0x0000000100000000)
   the space 68756K,  62% used [0x00000000d5550000, 0x00000000d7f331f0, 0x00000000d7f33200, 0x00000000d9875000)
 Metaspace       used 44472K, capacity 46538K, committed 46720K, reserved 1089536K
  class space    used 6216K, capacity 6924K, committed 7040K, reserved 1048576K
Event: 50,309 GC heap after
Heap after GC invocations=60 (full 4):
 def new generation   total 31040K, used 3391K [0x00000000c0000000, 0x00000000c21a0000, 0x00000000d5550000)
  eden space 27648K,   0% used [0x00000000c0000000, 0x00000000c0000000, 0x00000000c1b00000)
  from space 3392K,  99% used [0x00000000c1e50000, 0x00000000c219fff8, 0x00000000c21a0000)
  to   space 3392K,   0% used [0x00000000c1b00000, 0x00000000c1b00000, 0x00000000c1e50000)
 tenured generation   total 68756K, used 46353K [0x00000000d5550000, 0x00000000d9875000, 0x0000000100000000)
   the space 68756K,  67% used [0x00000000d5550000, 0x00000000d8294690, 0x00000000d8294800, 0x00000000d9875000)
 Metaspace       used 44472K, capacity 46538K, committed 46720K, reserved 1089536K
  class space    used 6216K, capacity 6924K, committed 7040K, reserved 1048576K
}
Event: 52,295 GC heap before
{Heap before GC invocations=60 (full 4):
 def new generation   total 31040K, used 31039K [0x00000000c0000000, 0x00000000c21a0000, 0x00000000d5550000)
  eden space 27648K, 100% used [0x00000000c0000000, 0x00000000c1b00000, 0x00000000c1b00000)
  from space 3392K,  99% used [0x00000000c1e50000, 0x00000000c219fff8, 0x00000000c21a0000)
  to   space 3392K,   0% used [0x00000000c1b00000, 0x00000000c1b00000, 0x00000000c1e50000)
 tenured generation   total 68756K, used 46353K [0x00000000d5550000, 0x00000000d9875000, 0x0000000100000000)
   the space 68756K,  67% used [0x00000000d5550000, 0x00000000d8294690, 0x00000000d8294800, 0x00000000d9875000)
 Metaspace       used 44893K, capacity 46922K, committed 47232K, reserved 1089536K
  class space    used 6237K, capacity 6924K, committed 7040K, reserved 1048576K
Event: 52,523 GC heap after
Heap after GC invocations=61 (full 4):
 def new generation   total 31040K, used 3391K [0x00000000c0000000, 0x00000000c21a0000, 0x00000000d5550000)
  eden space 27648K,   0% used [0x00000000c0000000, 0x00000000c0000000, 0x00000000c1b00000)
  from space 3392K,  99% used [0x00000000c1b00000, 0x00000000c1e4fff8, 0x00000000c1e50000)
  to   space 3392K,   0% used [0x00000000c1e50000, 0x00000000c1e50000, 0x00000000c21a0000)
 tenured generation   total 68756K, used 56117K [0x00000000d5550000, 0x00000000d9875000, 0x0000000100000000)
   the space 68756K,  81% used [0x00000000d5550000, 0x00000000d8c1d728, 0x00000000d8c1d800, 0x00000000d9875000)
 Metaspace       used 44893K, capacity 46922K, committed 47232K, reserved 1089536K
  class space    used 6237K, capacity 6924K, committed 7040K, reserved 1048576K
}
Event: 71,275 GC heap before
{Heap before GC invocations=61 (full 4):
 def new generation   total 31040K, used 31039K [0x00000000c0000000, 0x00000000c21a0000, 0x00000000d5550000)
  eden space 27648K, 100% used [0x00000000c0000000, 0x00000000c1b00000, 0x00000000c1b00000)
  from space 3392K,  99% used [0x00000000c1b00000, 0x00000000c1e4fff8, 0x00000000c1e50000)
  to   space 3392K,   0% used [0x00000000c1e50000, 0x00000000c1e50000, 0x00000000c21a0000)
 tenured generation   total 68756K, used 56117K [0x00000000d5550000, 0x00000000d9875000, 0x0000000100000000)
   the space 68756K,  81% used [0x00000000d5550000, 0x00000000d8c1d728, 0x00000000d8c1d800, 0x00000000d9875000)
 Metaspace       used 45813K, capacity 47906K, committed 48128K, reserved 1089536K
  class space    used 6345K, capacity 7060K, committed 7168K, reserved 1048576K
Event: 71,362 GC heap after
Heap after GC invocations=62 (full 4):
 def new generation   total 31040K, used 2316K [0x00000000c0000000, 0x00000000c21a0000, 0x00000000d5550000)
  eden space 27648K,   0% used [0x00000000c0000000, 0x00000000c0000000, 0x00000000c1b00000)
  from space 3392K,  68% used [0x00000000c1e50000, 0x00000000c2093150, 0x00000000c21a0000)
  to   space 3392K,   0% used [0x00000000c1b00000, 0x00000000c1b00000, 0x00000000c1e50000)
 tenured generation   total 68756K, used 59506K [0x00000000d5550000, 0x00000000d9875000, 0x0000000100000000)
   the space 68756K,  86% used [0x00000000d5550000, 0x00000000d8f6c9a8, 0x00000000d8f6ca00, 0x00000000d9875000)
 Metaspace       used 45813K, capacity 47906K, committed 48128K, reserved 1089536K
  class space    used 6345K, capacity 7060K, committed 7168K, reserved 1048576K
}
Event: 73,709 GC heap before
{Heap before GC invocations=62 (full 4):
 def new generation   total 31040K, used 29964K [0x00000000c0000000, 0x00000000c21a0000, 0x00000000d5550000)
  eden space 27648K, 100% used [0x00000000c0000000, 0x00000000c1b00000, 0x00000000c1b00000)
  from space 3392K,  68% used [0x00000000c1e50000, 0x00000000c2093150, 0x00000000c21a0000)
  to   space 3392K,   0% used [0x00000000c1b00000, 0x00000000c1b00000, 0x00000000c1e50000)
 tenured generation   total 68756K, used 59506K [0x00000000d5550000, 0x00000000d9875000, 0x0000000100000000)
   the space 68756K,  86% used [0x00000000d5550000, 0x00000000d8f6c9a8, 0x00000000d8f6ca00, 0x00000000d9875000)
 Metaspace       used 45900K, capacity 47970K, committed 48128K, reserved 1089536K
  class space    used 6345K, capacity 7060K, committed 7168K, reserved 1048576K
Event: 73,895 GC heap after
Heap after GC invocations=63 (full 4):
 def new generation   total 31040K, used 3392K [0x00000000c0000000, 0x00000000c21a0000, 0x00000000d5550000)
  eden space 27648K,   0% used [0x00000000c0000000, 0x00000000c0000000, 0x00000000c1b00000)
  from space 3392K, 100% used [0x00000000c1b00000, 0x00000000c1e50000, 0x00000000c1e50000)
  to   space 3392K,   0% used [0x00000000c1e50000, 0x00000000c1e50000, 0x00000000c21a0000)
 tenured generation   total 68756K, used 64165K [0x00000000d5550000, 0x00000000d9875000, 0x0000000100000000)
   the space 68756K,  93% used [0x00000000d5550000, 0x00000000d93f9420, 0x00000000d93f9600, 0x00000000d9875000)
 Metaspace       used 45900K, capacity 47970K, committed 48128K, reserved 1089536K
  class space    used 6345K, capacity 7060K, committed 7168K, reserved 1048576K
}
Event: 106,696 GC heap before
{Heap before GC invocations=63 (full 4):
 def new generation   total 31040K, used 31040K [0x00000000c0000000, 0x00000000c21a0000, 0x00000000d5550000)
  eden space 27648K, 100% used [0x00000000c0000000, 0x00000000c1b00000, 0x00000000c1b00000)
  from space 3392K, 100% used [0x00000000c1b00000, 0x00000000c1e50000, 0x00000000c1e50000)
  to   space 3392K,   0% used [0x00000000c1e50000, 0x00000000c1e50000, 0x00000000c21a0000)
 tenured generation   total 68756K, used 64165K [0x00000000d5550000, 0x00000000d9875000, 0x0000000100000000)
   the space 68756K,  93% used [0x00000000d5550000, 0x00000000d93f9420, 0x00000000d93f9600, 0x00000000d9875000)
 Metaspace       used 46533K, capacity 48610K, committed 48896K, reserved 1091584K
  class space    used 6412K, capacity 7124K, committed 7168K, reserved 1048576K

