# JRE version: Java(TM) SE Runtime Environment (8.0_65-b17) (build 1.8.0_65-b17)
# Java VM: Java HotSpot(TM) 64-Bit Server VM (25.65-b01 mixed mode linux-amd64 compressed oops)
Heap:
 def new generation   total 31104K, used 3223K [0x00000000c0000000, 0x00000000c21b0000, 0x00000000d5550000)
  eden space 27712K,  11% used [0x00000000c0000000, 0x00000000c0325e10, 0x00000000c1b10000)
  from space 3392K,   0% used [0x00000000c1e60000, 0x00000000c1e60000, 0x00000000c21b0000)
  to   space 3392K,   0% used [0x00000000c1b10000, 0x00000000c1b10000, 0x00000000c1e60000)
 tenured generation   total 72848K, used 72847K [0x00000000d5550000, 0x00000000d9c74000, 0x0000000100000000)
   the space 72848K,  99% used [0x00000000d5550000, 0x00000000d9c73fd0, 0x00000000d9c74000, 0x00000000d9c74000)
 Metaspace       used 46684K, capacity 48734K, committed 48896K, reserved 1091584K
  class space    used 6412K, capacity 7124K, committed 7168K, reserved 1048576K
GC Heap History (10 events):
Event: 52,313 GC heap after
Heap after GC invocations=59 (full 4):
 def new generation   total 31104K, used 2768K [0x00000000c0000000, 0x00000000c21b0000, 0x00000000d5550000)
  eden space 27712K,   0% used [0x00000000c0000000, 0x00000000c0000000, 0x00000000c1b10000)
  from space 3392K,  81% used [0x00000000c1b10000, 0x00000000c1dc4170, 0x00000000c1e60000)
  to   space 3392K,   0% used [0x00000000c1e60000, 0x00000000c1e60000, 0x00000000c21b0000)
 tenured generation   total 68816K, used 41287K [0x00000000d5550000, 0x00000000d9884000, 0x0000000100000000)
   the space 68816K,  59% used [0x00000000d5550000, 0x00000000d7da1e88, 0x00000000d7da2000, 0x00000000d9884000)
 Metaspace       used 40520K, capacity 42510K, committed 42752K, reserved 1085440K
  class space    used 5705K, capacity 6372K, committed 6400K, reserved 1048576K
}
Event: 55,140 GC heap before
{Heap before GC invocations=59 (full 4):
 def new generation   total 31104K, used 30189K [0x00000000c0000000, 0x00000000c21b0000, 0x00000000d5550000)
  eden space 27712K,  98% used [0x00000000c0000000, 0x00000000c1ac7378, 0x00000000c1b10000)
  from space 3392K,  81% used [0x00000000c1b10000, 0x00000000c1dc4170, 0x00000000c1e60000)
  to   space 3392K,   0% used [0x00000000c1e60000, 0x00000000c1e60000, 0x00000000c21b0000)
 tenured generation   total 68816K, used 41287K [0x00000000d5550000, 0x00000000d9884000, 0x0000000100000000)
   the space 68816K,  59% used [0x00000000d5550000, 0x00000000d7da1e88, 0x00000000d7da2000, 0x00000000d9884000)
 Metaspace       used 44447K, capacity 46470K, committed 46720K, reserved 1089536K
  class space    used 6216K, capacity 6924K, committed 7040K, reserved 1048576K
Event: 55,261 GC heap after
Heap after GC invocations=60 (full 4):
 def new generation   total 31104K, used 3392K [0x00000000c0000000, 0x00000000c21b0000, 0x00000000d5550000)
  eden space 27712K,   0% used [0x00000000c0000000, 0x00000000c0000000, 0x00000000c1b10000)
  from space 3392K, 100% used [0x00000000c1e60000, 0x00000000c21b0000, 0x00000000c21b0000)
  to   space 3392K,   0% used [0x00000000c1b10000, 0x00000000c1b10000, 0x00000000c1e60000)
 tenured generation   total 68816K, used 47326K [0x00000000d5550000, 0x00000000d9884000, 0x0000000100000000)
   the space 68816K,  68% used [0x00000000d5550000, 0x00000000d8387a20, 0x00000000d8387c00, 0x00000000d9884000)
 Metaspace       used 44447K, capacity 46470K, committed 46720K, reserved 1089536K
  class space    used 6216K, capacity 6924K, committed 7040K, reserved 1048576K
}
Event: 56,868 GC heap before
{Heap before GC invocations=60 (full 4):
 def new generation   total 31104K, used 31104K [0x00000000c0000000, 0x00000000c21b0000, 0x00000000d5550000)
  eden space 27712K, 100% used [0x00000000c0000000, 0x00000000c1b10000, 0x00000000c1b10000)
  from space 3392K, 100% used [0x00000000c1e60000, 0x00000000c21b0000, 0x00000000c21b0000)
  to   space 3392K,   0% used [0x00000000c1b10000, 0x00000000c1b10000, 0x00000000c1e60000)
 tenured generation   total 68816K, used 47326K [0x00000000d5550000, 0x00000000d9884000, 0x0000000100000000)
   the space 68816K,  68% used [0x00000000d5550000, 0x00000000d8387a20, 0x00000000d8387c00, 0x00000000d9884000)
 Metaspace       used 45051K, capacity 47100K, committed 47232K, reserved 1089536K
  class space    used 6259K, capacity 6962K, committed 7040K, reserved 1048576K
Event: 57,028 GC heap after
Heap after GC invocations=61 (full 4):
 def new generation   total 31104K, used 3392K [0x00000000c0000000, 0x00000000c21b0000, 0x00000000d5550000)
  eden space 27712K,   0% used [0x00000000c0000000, 0x00000000c0000000, 0x00000000c1b10000)
  from space 3392K, 100% used [0x00000000c1b10000, 0x00000000c1e60000, 0x00000000c1e60000)
  to   space 3392K,   0% used [0x00000000c1e60000, 0x00000000c1e60000, 0x00000000c21b0000)
 tenured generation   total 68816K, used 56427K [0x00000000d5550000, 0x00000000d9884000, 0x0000000100000000)
   the space 68816K,  81% used [0x00000000d5550000, 0x00000000d8c6ade8, 0x00000000d8c6ae00, 0x00000000d9884000)
 Metaspace       used 45051K, capacity 47100K, committed 47232K, reserved 1089536K
  class space    used 6259K, capacity 6962K, committed 7040K, reserved 1048576K
}
Event: 58,116 GC heap before
{Heap before GC invocations=61 (full 4):
 def new generation   total 31104K, used 31104K [0x00000000c0000000, 0x00000000c21b0000, 0x00000000d5550000)
  eden space 27712K, 100% used [0x00000000c0000000, 0x00000000c1b10000, 0x00000000c1b10000)
  from space 3392K, 100% used [0x00000000c1b10000, 0x00000000c1e60000, 0x00000000c1e60000)
  to   space 3392K,   0% used [0x00000000c1e60000, 0x00000000c1e60000, 0x00000000c21b0000)
 tenured generation   total 68816K, used 56427K [0x00000000d5550000, 0x00000000d9884000, 0x0000000100000000)
   the space 68816K,  81% used [0x00000000d5550000, 0x00000000d8c6ade8, 0x00000000d8c6ae00, 0x00000000d9884000)
 Metaspace       used 45801K, capacity 47838K, committed 48128K, reserved 1089536K
  class space    used 6345K, capacity 7060K, committed 7168K, reserved 1048576K
Event: 58,179 GC heap after
Heap after GC invocations=62 (full 4):
 def new generation   total 31104K, used 1929K [0x00000000c0000000, 0x00000000c21b0000, 0x00000000d5550000)
  eden space 27712K,   0% used [0x00000000c0000000, 0x00000000c0000000, 0x00000000c1b10000)
  from space 3392K,  56% used [0x00000000c1e60000, 0x00000000c2042790, 0x00000000c21b0000)
  to   space 3392K,   0% used [0x00000000c1b10000, 0x00000000c1b10000, 0x00000000c1e60000)
 tenured generation   total 68816K, used 59816K [0x00000000d5550000, 0x00000000d9884000, 0x0000000100000000)
   the space 68816K,  86% used [0x00000000d5550000, 0x00000000d8fba008, 0x00000000d8fba200, 0x00000000d9884000)
 Metaspace       used 45801K, capacity 47838K, committed 48128K, reserved 1089536K
  class space    used 6345K, capacity 7060K, committed 7168K, reserved 1048576K
}
Event: 58,805 GC heap before
{Heap before GC invocations=62 (full 4):
 def new generation   total 31104K, used 29641K [0x00000000c0000000, 0x00000000c21b0000, 0x00000000d5550000)
  eden space 27712K, 100% used [0x00000000c0000000, 0x00000000c1b10000, 0x00000000c1b10000)
  from space 3392K,  56% used [0x00000000c1e60000, 0x00000000c2042790, 0x00000000c21b0000)
  to   space 3392K,   0% used [0x00000000c1b10000, 0x00000000c1b10000, 0x00000000c1e60000)
 tenured generation   total 68816K, used 59816K [0x00000000d5550000, 0x00000000d9884000, 0x0000000100000000)
   the space 68816K,  86% used [0x00000000d5550000, 0x00000000d8fba008, 0x00000000d8fba200, 0x00000000d9884000)
 Metaspace       used 45879K, capacity 47966K, committed 48128K, reserved 1089536K
  class space    used 6345K, capacity 7060K, committed 7168K, reserved 1048576K
Event: 58,911 GC heap after
Heap after GC invocations=63 (full 4):
 def new generation   total 31104K, used 3391K [0x00000000c0000000, 0x00000000c21b0000, 0x00000000d5550000)
  eden space 27712K,   0% used [0x00000000c0000000, 0x00000000c0000000, 0x00000000c1b10000)
  from space 3392K,  99% used [0x00000000c1b10000, 0x00000000c1e5fff8, 0x00000000c1e60000)
  to   space 3392K,   0% used [0x00000000c1e60000, 0x00000000c1e60000, 0x00000000c21b0000)
 tenured generation   total 68816K, used 64331K [0x00000000d5550000, 0x00000000d9884000, 0x0000000100000000)
   the space 68816K,  93% used [0x00000000d5550000, 0x00000000d9422e38, 0x00000000d9423000, 0x00000000d9884000)
 Metaspace       used 45879K, capacity 47966K, committed 48128K, reserved 1089536K
  class space    used 6345K, capacity 7060K, committed 7168K, reserved 1048576K
}
Event: 62,213 GC heap before
{Heap before GC invocations=63 (full 4):
 def new generation   total 31104K, used 31103K [0x00000000c0000000, 0x00000000c21b0000, 0x00000000d5550000)
  eden space 27712K, 100% used [0x00000000c0000000, 0x00000000c1b10000, 0x00000000c1b10000)
  from space 3392K,  99% used [0x00000000c1b10000, 0x00000000c1e5fff8, 0x00000000c1e60000)
  to   space 3392K,   0% used [0x00000000c1e60000, 0x00000000c1e60000, 0x00000000c21b0000)
 tenured generation   total 68816K, used 64331K [0x00000000d5550000, 0x00000000d9884000, 0x0000000100000000)
   the space 68816K,  93% used [0x00000000d5550000, 0x00000000d9422e38, 0x00000000d9423000, 0x00000000d9884000)
 Metaspace       used 46684K, capacity 48734K, committed 48896K, reserved 1091584K
  class space    used 6412K, capacity 7124K, committed 7168K, reserved 1048576K

